// 重构日志: 350beb92
// 重构日志: c016b2b6
// 重构日志: cfee8a03
// 重构日志: a0f46853
// 重构日志: c74a42a4
// 重构日志: 654c6be9
// 同步 ID: bc111a92 @ Sat Jul  4 07:48:59 UTC 2026
// 重构日志: 1d90a7cf
// 重构日志: 8aa95233
// 重构日志: ed41c712
// 重构日志: b719759f
// 同步 ID: 645e17e9 @ Wed Jul  8 08:17:54 UTC 2026
// 重构日志: 1844a172
// 重构日志: bd3eb6ca
// 同步 ID: c41399cc @ Sun Jul 12 13:10:01 UTC 2026
// 同步 ID: 1b82a44a @ Mon Jul 13 22:27:28 UTC 2026
// 重构日志: f32d7318
// 重构日志: f9ad6e9e
// 重构日志: 2f060a52
// 同步 ID: 46f50929 @ Wed Jul 15 07:54:44 UTC 2026
// 重构日志: d744857d
// 重构日志: cb674b69
// 重构日志: 278a5ac6
// 同步 ID: 5d5c4406 @ Wed Jul 15 22:48:13 UTC 2026
// 重构日志: 6a558175
// 重构日志: 007fd617
// 重构日志: ceda1f6a
// 同步 ID: 40b900ee @ Thu Jul 16 21:03:02 UTC 2026
// 重构日志: cdd582cf
// 同步 ID: 2f68ae2c @ Sat Jul 18 12:16:39 UTC 2026
// 重构日志: 6b73ddc6
